<?xml version="1.0" encoding="UTF-8"?>
<!-- Generated by org.testng.reporters.JUnitXMLReporter -->
<testsuite hostname="hp" name="Default test" tests="3" failures="1" timestamp="16 Apr 2020 06:17:50 GMT" time="0.135" errors="0">
  <testcase name="test1" time="0.035" classname="Base.TestNG_failedTestcases"/>
  <testcase name="test2" time="0.005" classname="Base.TestNG_failedTestcases">
    <failure type="java.lang.ArithmeticException" message="/ by zero">
      <![CDATA[java.lang.ArithmeticException: / by zero
	at Base.TestNG_failedTestcases.test2(TestNG_failedTestcases.java:17)
... Removed 24 stack frames]]>
    </failure>
  </testcase> <!-- test2 -->
  <testcase name="test3" time="0.005" classname="Base.TestNG_failedTestcases"/>
</testsuite> <!-- Default test -->
