<?xml version="1.0" encoding="UTF-8"?>
<!-- Generated by org.testng.reporters.JUnitXMLReporter -->
<testsuite hostname="hp" name="Default test(failed)" tests="1" failures="1" timestamp="16 Apr 2020 06:17:50 GMT" time="0.026" errors="0">
  <testcase name="test2" time="0.011" classname="Base.TestNG_failedTestcases">
    <failure type="java.lang.ArithmeticException" message="/ by zero">
      <![CDATA[java.lang.ArithmeticException: / by zero
	at Base.TestNG_failedTestcases.test2(TestNG_failedTestcases.java:17)
... Removed 24 stack frames]]>
    </failure>
  </testcase> <!-- test2 -->
</testsuite> <!-- Default test(failed) -->
