<?xml version="1.0" encoding="UTF-8"?>
<!-- Generated by org.testng.reporters.JUnitXMLReporter -->
<testsuite hostname="hp" name="Firefoxbowser" tests="1" failures="0" timestamp="14 Apr 2020 16:08:51 GMT" time="0.167" errors="0">
  <testcase name="@BeforeTest setup" time="0.0" classname="Parallel_browsers.Demo1">
    <failure type="org.testng.TestNGException" message="
Parameter &amp;apos;browsers&amp;apos; is required by @Configuration on method setup but has not been marked @Optional or defined
in C:\Users\SANTHOSH KT\eclipse-workspace\Raghav_pal_framework\testng_browsers.xml">
      <![CDATA[org.testng.TestNGException: 
Parameter 'browsers' is required by @Configuration on method setup but has not been marked @Optional or defined
in C:\Users\SANTHOSH KT\eclipse-workspace\Raghav_pal_framework\testng_browsers.xml
	at java.util.concurrent.FutureTask.run(Unknown Source)
	at java.util.concurrent.ThreadPoolExecutor.runWorker(Unknown Source)
	at java.util.concurrent.ThreadPoolExecutor$Worker.run(Unknown Source)
	at java.lang.Thread.run(Unknown Source)
... Removed 11 stack frames]]>
    </failure>
  </testcase> <!-- @BeforeTest setup -->
  <testcase name="@AfterTest end" time="0.0" classname="Parallel_browsers.Demo1">
    <skipped/>
  </testcase> <!-- @AfterTest end -->
  <testcase name="test" time="0.026" classname="Parallel_browsers.Demo1">
    <skipped/>
  </testcase> <!-- test -->
</testsuite> <!-- Firefoxbowser -->
